<?xml version="1.0" encoding="UTF-8"?>
<!-- Generated by org.testng.reporters.JUnitReportReporter -->
<testsuite hostname="192.168.1.4.homeoffice.wal-mart.com" failures="0" tests="1" name="com.example.AppTest" time="0.004" errors="0" timestamp="2024-08-26T10:26:10 CST" skipped="0">
  <testcase classname="com.example.AppTest" name="testApp" time="0.004"/>
  <system-out/>
</testsuite> <!-- com.example.AppTest -->
